<?xml version="1.0" encoding="UTF-8"?>
<testsuite name="assignment.controller.InputOutputTest" tests="8" skipped="0" failures="0" errors="0" timestamp="2024-07-17T08:53:47" hostname="LAPTOP-JFH0JINN" time="0.04">
  <properties/>
  <testcase name="testInvalidFirstArgument()" classname="assignment.controller.InputOutputTest" time="0.021"/>
  <testcase name="testValidInput()" classname="assignment.controller.InputOutputTest" time="0.004"/>
  <testcase name="testInvalidItemType()" classname="assignment.controller.InputOutputTest" time="0.001"/>
  <testcase name="testIncompleteArguments()" classname="assignment.controller.InputOutputTest" time="0.001"/>
  <testcase name="testDuplicateFields()" classname="assignment.controller.InputOutputTest" time="0.001"/>
  <testcase name="testOutput()" classname="assignment.controller.InputOutputTest" time="0.007"/>
  <testcase name="testInvalidFieldFormat()" classname="assignment.controller.InputOutputTest" time="0.001"/>
  <testcase name="testMissingItemType()" classname="assignment.controller.InputOutputTest" time="0.0"/>
  <system-out><![CDATA[]]></system-out>
  <system-err><![CDATA[]]></system-err>
</testsuite>
